\BOOKMARK [1][-]{section.1}{\376\377\000I\000n\000t\000r\000o\000d\000u\000c\000t\000i\000o\000n}{}% 1
\BOOKMARK [1][-]{section.2}{\376\377\000T\000h\000e\000\040\000R\000o\000l\000l\000o\000v\000e\000r\000\040\000G\000a\000m\000e}{}% 2
\BOOKMARK [2][-]{subsection.2.1}{\376\377\000E\000n\000v\000i\000r\000o\000n\000m\000e\000n\000t}{section.2}% 3
\BOOKMARK [2][-]{subsection.2.2}{\376\377\000D\000i\000s\000t\000r\000u\000s\000t\000\040\000a\000s\000\040\000m\000u\000l\000t\000i\000p\000l\000e\000\040\000p\000r\000i\000o\000r\000s}{section.2}% 4
\BOOKMARK [2][-]{subsection.2.3}{\376\377\000T\000h\000e\000\040\000a\000m\000b\000i\000g\000u\000i\000t\000y\000\040\000p\000r\000e\000m\000i\000u\000m\000\040\000a\000n\000d\000\040\000t\000h\000e\000\040\000s\000u\000r\000v\000i\000v\000a\000l\000\040\000o\000f\000\040\000u\000n\000i\000q\000u\000e\000n\000e\000s\000s}{section.2}% 5
\BOOKMARK [1][-]{section.3}{\376\377\000T\000h\000e\000\040\000I\000n\000v\000e\000s\000t\000o\000r\000\040\000B\000a\000s\000e}{}% 6
\BOOKMARK [1][-]{section.4}{\376\377\000O\000f\000f\000i\000c\000i\000a\000l\000\040\000I\000n\000f\000o\000r\000m\000a\000t\000i\000o\000n\000:\000\040\000P\000r\000e\000c\000i\000s\000i\000o\000n\000\040\000a\000n\000d\000\040\000C\000r\000e\000d\000i\000b\000i\000l\000i\000t\000y}{}% 7
\BOOKMARK [1][-]{section.5}{\376\377\000D\000y\000n\000a\000m\000i\000c\000s\000\040\000a\000n\000d\000\040\000P\000o\000l\000i\000c\000y}{}% 8
\BOOKMARK [1][-]{section.6}{\376\377\000Q\000u\000a\000n\000t\000i\000t\000a\000t\000i\000v\000e\000\040\000M\000a\000g\000n\000i\000t\000u\000d\000e\000s}{}% 9
\BOOKMARK [2][-]{subsection.6.1}{\376\377\000C\000a\000l\000i\000b\000r\000a\000t\000i\000o\000n}{section.6}% 10
\BOOKMARK [2][-]{subsection.6.2}{\376\377\000R\000e\000s\000u\000l\000t\000s}{section.6}% 11
\BOOKMARK [1][-]{section.7}{\376\377\000E\000m\000p\000i\000r\000i\000c\000a\000l\000\040\000D\000e\000s\000i\000g\000n\000s}{}% 12
\BOOKMARK [1][-]{section.8}{\376\377\000C\000o\000n\000c\000l\000u\000s\000i\000o\000n}{}% 13
\BOOKMARK [1][-]{appendix.A}{\376\377\000P\000r\000o\000o\000f\000s}{}% 14
\BOOKMARK [2][-]{subsection.A.1}{\376\377\000P\000r\000o\000o\000f\000\040\000o\000f\000\040\000L\000e\000m\000m\000a\000\040\0001}{appendix.A}% 15
\BOOKMARK [2][-]{subsection.A.2}{\376\377\000P\000r\000o\000o\000f\000\040\000o\000f\000\040\000P\000r\000o\000p\000o\000s\000i\000t\000i\000o\000n\000\040\0001}{appendix.A}% 16
\BOOKMARK [2][-]{subsection.A.3}{\376\377\000P\000r\000o\000o\000f\000\040\000o\000f\000\040\000P\000r\000o\000p\000o\000s\000i\000t\000i\000o\000n\000\040\0002}{appendix.A}% 17
\BOOKMARK [2][-]{subsection.A.4}{\376\377\000P\000r\000o\000o\000f\000\040\000o\000f\000\040\000P\000r\000o\000p\000o\000s\000i\000t\000i\000o\000n\000\040\0003}{appendix.A}% 18
\BOOKMARK [2][-]{subsection.A.5}{\376\377\000P\000r\000o\000o\000f\000\040\000o\000f\000\040\000P\000r\000o\000p\000o\000s\000i\000t\000i\000o\000n\000\040\0004}{appendix.A}% 19
\BOOKMARK [2][-]{subsection.A.6}{\376\377\000P\000r\000o\000o\000f\000\040\000o\000f\000\040\000P\000r\000o\000p\000o\000s\000i\000t\000i\000o\000n\000\040\0005}{appendix.A}% 20
\BOOKMARK [1][-]{appendix.B}{\376\377\000D\000e\000r\000i\000v\000a\000t\000i\000o\000n\000s\000:\000\040\000P\000r\000i\000c\000i\000n\000g\000\040\000a\000n\000d\000\040\000P\000a\000s\000s\000-\000T\000h\000r\000o\000u\000g\000h}{}% 21
\BOOKMARK [1][-]{appendix.C}{\376\377\000D\000y\000n\000a\000m\000i\000c\000s\000\040\000a\000n\000d\000\040\000t\000h\000e\000\040\000D\000o\000o\000m\000\040\000L\000o\000o\000p}{}% 22
\BOOKMARK [1][-]{appendix.D}{\376\377\000C\000a\000l\000i\000b\000r\000a\000t\000i\000o\000n\000\040\000A\000u\000d\000i\000t}{}% 23
\BOOKMARK [1][-]{appendix.E}{\376\377\000D\000a\000t\000a\000\040\000A\000p\000p\000e\000n\000d\000i\000x}{}% 24
\BOOKMARK [1][-]{appendix.F}{\376\377\000E\000x\000t\000e\000n\000s\000i\000o\000n\000s}{}% 25
